Using pre-set license
Built from '2020.3/release' branch; Version is '2020.3.12f1 (b3b2c6512326) revision 11776710'; Using compiler version '192528614'; Build Type 'Release'
OS: 'Windows 10 Home; OS build 19042.1083; Version 2009; 64bit' Language: 'en' Physical Memory: 16314 MB
BatchMode: 1, IsHumanControllingUs: 0, StartBugReporterOnCrash: 0, Is64bit: 1, IsPro: 0

 COMMAND LINE ARGUMENTS:
C:\Program Files\Unity\Hub\Editor\2020.3.12f1\Editor\Unity.exe
-adb2
-batchMode
-noUpm
-name
AssetImportWorker0
-projectPath
C:/Users/mbqua/Desktop/Projects/ITJ_Game/ITJ Game
-logFile
Logs/AssetImportWorker0.log
-srvPort
52678
Successfully changed project path to: C:/Users/mbqua/Desktop/Projects/ITJ_Game/ITJ Game
C:/Users/mbqua/Desktop/Projects/ITJ_Game/ITJ Game
Using Asset Import Pipeline V2.
Refreshing native plugins compatible for Editor in 53.33 ms, found 3 plugins.
Preloading 0 native plugins for Editor in 0.00 ms.
Initialize engine version: 2020.3.12f1 (b3b2c6512326)
[Subsystems] Discovering subsystems at path C:/Program Files/Unity/Hub/Editor/2020.3.12f1/Editor/Data/Resources/UnitySubsystems
[Subsystems] Discovering subsystems at path C:/Users/mbqua/Desktop/Projects/ITJ_Game/ITJ Game/Assets
GfxDevice: creating device client; threaded=0
Direct3D:
    Version:  Direct3D 11.0 [level 11.1]
    Renderer: NVIDIA GeForce GTX 1060 6GB (ID=0x1c03)
    Vendor:   
    VRAM:     6052 MB
    Driver:   27.21.14.6089
Shader 'Universal Render Pipeline/Particles/Lit': fallback shader 'Universal Render Pipeline/Particles/SimpleLit' not found
Initialize mono
Mono path[0] = 'C:/Program Files/Unity/Hub/Editor/2020.3.12f1/Editor/Data/Managed'
Mono path[1] = 'C:/Program Files/Unity/Hub/Editor/2020.3.12f1/Editor/Data/MonoBleedingEdge/lib/mono/unityjit'
Mono config path = 'C:/Program Files/Unity/Hub/Editor/2020.3.12f1/Editor/Data/MonoBleedingEdge/etc'
Using monoOptions --debugger-agent=transport=dt_socket,embedding=1,server=y,suspend=n,address=127.0.0.1:56100
Begin MonoManager ReloadAssembly
Registering precompiled unity dll's ...
Register platform support module: C:/Program Files/Unity/Hub/Editor/2020.3.12f1/Editor/Data/PlaybackEngines/WindowsStandaloneSupport/UnityEditor.WindowsStandalone.Extensions.dll
Registered in 0.001807 seconds.
Native extension for WindowsStandalone target not found
Refreshing native plugins compatible for Editor in 62.11 ms, found 3 plugins.
Preloading 0 native plugins for Editor in 0.00 ms.
Mono: successfully reloaded assembly
- Completed reload, in  1.632 seconds
Platform modules already initialized, skipping
Registering precompiled user dll's ...
Registered in 0.004419 seconds.
Begin MonoManager ReloadAssembly
Native extension for WindowsStandalone target not found
Refreshing native plugins compatible for Editor in 54.30 ms, found 3 plugins.
Preloading 0 native plugins for Editor in 0.00 ms.
Mono: successfully reloaded assembly
- Completed reload, in  1.018 seconds
Platform modules already initialized, skipping
========================================================================
Worker process is ready to serve import requests
Shader 'Universal Render Pipeline/Particles/Lit': fallback shader 'Universal Render Pipeline/Particles/SimpleLit' not found
Launched and connected shader compiler UnityShaderCompiler.exe after 0.03 seconds
Refreshing native plugins compatible for Editor in 1.04 ms, found 3 plugins.
Preloading 0 native plugins for Editor in 0.00 ms.
Unloading 3233 Unused Serialized files (Serialized files now loaded: 0)
System memory in use before: 140.5 MB.
System memory in use after: 140.6 MB.

Unloading 33 unused Assets to reduce memory usage. Loaded Objects now: 3668.
Total: 3.136700 ms (FindLiveObjects: 0.378800 ms CreateObjectMapping: 0.081600 ms MarkObjects: 2.541700 ms  DeleteObjects: 0.133500 ms)

AssetImportParameters requested are different than current active one (requested -> active):
  custom:framework-win-MediaFoundation: 216162199b28c13a410421893ffa2e32 -> 
  custom:video-decoder-ogg-theora: a1e56fd34408186e4bbccfd4996cb3dc -> 
  custom:container-muxer-webm: aa71ff27fc2769a1b78a27578f13a17b -> 
  custom:container-demuxer-webm: 4f35f7cbe854078d1ac9338744f61a02 -> 
  custom:container-demuxer-ogg: 62fdf1f143b41e24485cea50d1cbac27 -> 
  custom:video-encoder-webm-vp8: eb34c28f22e8b96e1ab97ce403110664 -> 
  custom:video-decoder-webm-vp8: 9c59270c3fd7afecdb556c50c9e8de78 -> 
  custom:audio-decoder-ogg-vorbis: bf7c407c2cedff20999df2af8eb42d56 -> 
  custom:audio-encoder-webm-vorbis: bf7c407c2cedff20999df2af8eb42d56 -> 
========================================================================
Received Import Request.
  path: Assets/Scenes/Level1.unity
  artifactKey: Guid(a9d9c11a29944b44d9b0163e5f9d0aa1) Importer(815301076,1909f56bfc062723c751e8b465ee728b)
Start importing Assets/Scenes/Level1.unity using Guid(a9d9c11a29944b44d9b0163e5f9d0aa1) Importer(815301076,1909f56bfc062723c751e8b465ee728b)  -> (artifact id: '268ff141adc4a7d8091d85051ec8ea76') in 0.020037 seconds 
  Import took 0.024909 seconds .

========================================================================
Received Prepare
Shader 'Universal Render Pipeline/Particles/Lit': fallback shader 'Universal Render Pipeline/Particles/SimpleLit' not found
Refreshing native plugins compatible for Editor in 4.21 ms, found 3 plugins.
Preloading 0 native plugins for Editor in 0.00 ms.
Unloading 20 Unused Serialized files (Serialized files now loaded: 0)
System memory in use before: 72.2 MB.
System memory in use after: 72.3 MB.

Unloading 20 unused Assets to reduce memory usage. Loaded Objects now: 3668.
Total: 3.054900 ms (FindLiveObjects: 0.319000 ms CreateObjectMapping: 0.080100 ms MarkObjects: 2.534900 ms  DeleteObjects: 0.119600 ms)

AssetImportParameters requested are different than current active one (requested -> active):
  custom:framework-win-MediaFoundation: 216162199b28c13a410421893ffa2e32 -> 
  custom:video-decoder-ogg-theora: a1e56fd34408186e4bbccfd4996cb3dc -> 
  custom:container-muxer-webm: aa71ff27fc2769a1b78a27578f13a17b -> 
  custom:container-demuxer-webm: 4f35f7cbe854078d1ac9338744f61a02 -> 
  custom:container-demuxer-ogg: 62fdf1f143b41e24485cea50d1cbac27 -> 
  custom:video-encoder-webm-vp8: eb34c28f22e8b96e1ab97ce403110664 -> 
  custom:video-decoder-webm-vp8: 9c59270c3fd7afecdb556c50c9e8de78 -> 
  custom:audio-decoder-ogg-vorbis: bf7c407c2cedff20999df2af8eb42d56 -> 
  custom:audio-encoder-webm-vorbis: bf7c407c2cedff20999df2af8eb42d56 -> 
========================================================================
Received Import Request.
  Time since last request: 146.311563 seconds.
  path: Assets/Scenes/Level3.unity
  artifactKey: Guid(c145d5a448aed7e4b8f3e430ab0e3fd7) Importer(815301076,1909f56bfc062723c751e8b465ee728b)
Start importing Assets/Scenes/Level3.unity using Guid(c145d5a448aed7e4b8f3e430ab0e3fd7) Importer(815301076,1909f56bfc062723c751e8b465ee728b)  -> (artifact id: 'b01c0b3065c2393f8d0108977ba8851c') in 0.010112 seconds 
  Import took 0.015328 seconds .

========================================================================
Received Import Request.
  Time since last request: 43.312463 seconds.
  path: Assets/Resources/Big Samurai Screen Slash-Sheet.png
  artifactKey: Guid(33ea63afb4151a24398fab31d4a8168b) Importer(815301076,1909f56bfc062723c751e8b465ee728b)
Start importing Assets/Resources/Big Samurai Screen Slash-Sheet.png using Guid(33ea63afb4151a24398fab31d4a8168b) Importer(815301076,1909f56bfc062723c751e8b465ee728b)  -> (artifact id: 'ed76ac55b26cf777b5e94476803b8676') in 0.105959 seconds 
  Import took 0.110890 seconds .

========================================================================
Received Import Request.
  Time since last request: 0.000170 seconds.
  path: Assets/Resources/Hide-ables.png
  artifactKey: Guid(163abb91623cc3a44a994859da35a646) Importer(815301076,1909f56bfc062723c751e8b465ee728b)
Start importing Assets/Resources/Hide-ables.png using Guid(163abb91623cc3a44a994859da35a646) Importer(815301076,1909f56bfc062723c751e8b465ee728b)  -> (artifact id: 'bb2c5377be7266b2e0c3912b24c44f16') in 0.010982 seconds 
  Import took 0.015374 seconds .

========================================================================
Received Import Request.
  Time since last request: 0.000164 seconds.
  path: Assets/Resources/Big Samurai-Sheet.png
  artifactKey: Guid(851cd6eb90c17174b83fd4d49db2765f) Importer(815301076,1909f56bfc062723c751e8b465ee728b)
Start importing Assets/Resources/Big Samurai-Sheet.png using Guid(851cd6eb90c17174b83fd4d49db2765f) Importer(815301076,1909f56bfc062723c751e8b465ee728b)  -> (artifact id: 'ab81a9aea1771f2ca5c556cf8f584368') in 0.050923 seconds 
  Import took 0.055235 seconds .

========================================================================
Received Import Request.
  Time since last request: 0.000152 seconds.
  path: Assets/Resources/Player.png
  artifactKey: Guid(41e02bbd43877fc4fad3d9ac287cf1c4) Importer(815301076,1909f56bfc062723c751e8b465ee728b)
Start importing Assets/Resources/Player.png using Guid(41e02bbd43877fc4fad3d9ac287cf1c4) Importer(815301076,1909f56bfc062723c751e8b465ee728b)  -> (artifact id: 'be11187aa1a2ee8c9dd69620ff46b613') in 0.026085 seconds 
  Import took 0.030981 seconds .

========================================================================
Received Import Request.
  Time since last request: 0.000179 seconds.
  path: Assets/Resources/Jade.png
  artifactKey: Guid(8511731a1c65f3b4288e8b74a98db848) Importer(815301076,1909f56bfc062723c751e8b465ee728b)
Start importing Assets/Resources/Jade.png using Guid(8511731a1c65f3b4288e8b74a98db848) Importer(815301076,1909f56bfc062723c751e8b465ee728b)  -> (artifact id: '7d0d689f6165966ecd22e5d3ac68b856') in 0.014098 seconds 
  Import took 0.019086 seconds .

========================================================================
Received Import Request.
  Time since last request: 0.000170 seconds.
  path: Assets/Resources/Big Samurai.png
  artifactKey: Guid(e73839fc564ea434eb1566d51bf85db4) Importer(815301076,1909f56bfc062723c751e8b465ee728b)
Start importing Assets/Resources/Big Samurai.png using Guid(e73839fc564ea434eb1566d51bf85db4) Importer(815301076,1909f56bfc062723c751e8b465ee728b)  -> (artifact id: '1031028ddba261b2180150ef0e612210') in 0.021447 seconds 
  Import took 0.026361 seconds .

========================================================================
Received Import Request.
  Time since last request: 0.000161 seconds.
  path: Assets/Resources/Jump Sprite-Sheet.png
  artifactKey: Guid(b58187888dc49ab4d84c95dc92208395) Importer(815301076,1909f56bfc062723c751e8b465ee728b)
Start importing Assets/Resources/Jump Sprite-Sheet.png using Guid(b58187888dc49ab4d84c95dc92208395) Importer(815301076,1909f56bfc062723c751e8b465ee728b)  -> (artifact id: '891c078f20f57baf41a6bcf059a27a17') in 0.027228 seconds 
  Import took 0.032119 seconds .

========================================================================
Received Import Request.
  Time since last request: 0.000164 seconds.
  path: Assets/Resources/Placeholder Background.png
  artifactKey: Guid(149bf691972cb1245acba8fa5b56de3d) Importer(815301076,1909f56bfc062723c751e8b465ee728b)
Start importing Assets/Resources/Placeholder Background.png using Guid(149bf691972cb1245acba8fa5b56de3d) Importer(815301076,1909f56bfc062723c751e8b465ee728b)  -> (artifact id: '43140f48a184e71a863bc94f8c7e2f60') in 0.020158 seconds 
  Import took 0.024618 seconds .

========================================================================
Received Import Request.
  Time since last request: 0.000167 seconds.
  path: Assets/Resources/Big Samurai Slash-Sheet.png
  artifactKey: Guid(a2782610899778d4da0cc1b6e2b9b337) Importer(815301076,1909f56bfc062723c751e8b465ee728b)
Start importing Assets/Resources/Big Samurai Slash-Sheet.png using Guid(a2782610899778d4da0cc1b6e2b9b337) Importer(815301076,1909f56bfc062723c751e8b465ee728b)  -> (artifact id: 'c74e8c8e27ce02b800e4dc472fb08c96') in 0.031429 seconds 
  Import took 0.035801 seconds .

========================================================================
Received Import Request.
  Time since last request: 0.000150 seconds.
  path: Assets/Prefabs/Floor.prefab
  artifactKey: Guid(473f1abd3803ad441aa8171d9103abbb) Importer(815301076,1909f56bfc062723c751e8b465ee728b)
Start importing Assets/Prefabs/Floor.prefab using Guid(473f1abd3803ad441aa8171d9103abbb) Importer(815301076,1909f56bfc062723c751e8b465ee728b)  -> (artifact id: '223f0d074250f92aac5bb9f04c1998dd') in 0.121826 seconds 
  Import took 0.126505 seconds .

========================================================================
Received Import Request.
  Time since last request: 0.000179 seconds.
  path: Assets/Prefabs/Main Camera.prefab
  artifactKey: Guid(72733967e6aa826499d71e321393a9a2) Importer(815301076,1909f56bfc062723c751e8b465ee728b)
Start importing Assets/Prefabs/Main Camera.prefab using Guid(72733967e6aa826499d71e321393a9a2) Importer(815301076,1909f56bfc062723c751e8b465ee728b)  -> (artifact id: 'a2fe93f5967c4c6ff6176654e48c0463') in 0.007596 seconds 
  Import took 0.012276 seconds .

========================================================================
Received Import Request.
  Time since last request: 0.000152 seconds.
  path: Assets/Prefabs/Watcher and Waypoints.prefab
  artifactKey: Guid(3825917eea741854ba577d50a067ff3f) Importer(815301076,1909f56bfc062723c751e8b465ee728b)
Start importing Assets/Prefabs/Watcher and Waypoints.prefab using Guid(3825917eea741854ba577d50a067ff3f) Importer(815301076,1909f56bfc062723c751e8b465ee728b)  -> (artifact id: '753253942a0fa0725cddb03559415b59') in 0.014389 seconds 
  Import took 0.018734 seconds .

========================================================================
Received Import Request.
  Time since last request: 0.000126 seconds.
  path: Assets/Prefabs/Canvas.prefab
  artifactKey: Guid(93d5de69897fc1647b31bab30febb034) Importer(815301076,1909f56bfc062723c751e8b465ee728b)
Start importing Assets/Prefabs/Canvas.prefab using Guid(93d5de69897fc1647b31bab30febb034) Importer(815301076,1909f56bfc062723c751e8b465ee728b)  -> (artifact id: '510ab9320ec9c24e808d5891b9054d0d') in 0.016197 seconds 
  Import took 0.020656 seconds .

========================================================================
Received Import Request.
  Time since last request: 0.000182 seconds.
  path: Assets/Prefabs/Jade.prefab
  artifactKey: Guid(39a05a21d43e75147a3bf409e273a26d) Importer(815301076,1909f56bfc062723c751e8b465ee728b)
Start importing Assets/Prefabs/Jade.prefab using Guid(39a05a21d43e75147a3bf409e273a26d) Importer(815301076,1909f56bfc062723c751e8b465ee728b)  -> (artifact id: '2c0504557637ed03e4584b1b7b5aaa3e') in 0.009803 seconds 
  Import took 0.014525 seconds .

========================================================================
Received Import Request.
  Time since last request: 0.000158 seconds.
  path: Assets/Prefabs/Background.prefab
  artifactKey: Guid(3219dd3255e2b2142815fb7a8128a443) Importer(815301076,1909f56bfc062723c751e8b465ee728b)
Start importing Assets/Prefabs/Background.prefab using Guid(3219dd3255e2b2142815fb7a8128a443) Importer(815301076,1909f56bfc062723c751e8b465ee728b)  -> (artifact id: 'b6ba9d73de3ba8287299124cfdfc4d68') in 0.011567 seconds 
  Import took 0.016255 seconds .

========================================================================
Received Import Request.
  Time since last request: 0.000226 seconds.
  path: Assets/Prefabs/Global Light 2D.prefab
  artifactKey: Guid(ec09de93cb572bf42b6fa81d97566f2d) Importer(815301076,1909f56bfc062723c751e8b465ee728b)
Start importing Assets/Prefabs/Global Light 2D.prefab using Guid(ec09de93cb572bf42b6fa81d97566f2d) Importer(815301076,1909f56bfc062723c751e8b465ee728b)  -> (artifact id: '2a70a6a1768028dcfb61bb176d8b8f72') in 0.006949 seconds 
  Import took 0.011456 seconds .

========================================================================
Received Import Request.
  Time since last request: 0.000170 seconds.
  path: Assets/Prefabs/Platform.prefab
  artifactKey: Guid(5b36baf34feb9f743a505552bd5a2151) Importer(815301076,1909f56bfc062723c751e8b465ee728b)
Start importing Assets/Prefabs/Platform.prefab using Guid(5b36baf34feb9f743a505552bd5a2151) Importer(815301076,1909f56bfc062723c751e8b465ee728b)  -> (artifact id: '01fb70b241642bf91212d0b4aa6debf2') in 0.009665 seconds 
  Import took 0.013806 seconds .

========================================================================
Received Import Request.
  Time since last request: 0.000171 seconds.
  path: Assets/Prefabs/Player.prefab
  artifactKey: Guid(a9aee228b82265f40b8557f7bfe5cc12) Importer(815301076,1909f56bfc062723c751e8b465ee728b)
Start importing Assets/Prefabs/Player.prefab using Guid(a9aee228b82265f40b8557f7bfe5cc12) Importer(815301076,1909f56bfc062723c751e8b465ee728b)  -> (artifact id: 'd4b5c2bb8862b04fd406a538d6b21ce6') in 0.012755 seconds 
  Import took 0.017184 seconds .

========================================================================
Received Import Request.
  Time since last request: 0.000138 seconds.
  path: Assets/Prefabs/SceneLoader.prefab
  artifactKey: Guid(c1962753a6ade414583d7af06688c85b) Importer(815301076,1909f56bfc062723c751e8b465ee728b)
Start importing Assets/Prefabs/SceneLoader.prefab using Guid(c1962753a6ade414583d7af06688c85b) Importer(815301076,1909f56bfc062723c751e8b465ee728b)  -> (artifact id: '50f8f51cbce81b2abe0dcb50bb6f1f36') in 0.007372 seconds 
  Import took 0.011635 seconds .

========================================================================
Received Import Request.
  Time since last request: 0.000166 seconds.
  path: Assets/Prefabs/Screen Slash.prefab
  artifactKey: Guid(987e948dd17804249b40446acff9f96c) Importer(815301076,1909f56bfc062723c751e8b465ee728b)
Start importing Assets/Prefabs/Screen Slash.prefab using Guid(987e948dd17804249b40446acff9f96c) Importer(815301076,1909f56bfc062723c751e8b465ee728b)  -> (artifact id: '4da3923ef8f2954fa60823edb68251cd') in 0.006179 seconds 
  Import took 0.010405 seconds .

========================================================================
Received Import Request.
  Time since last request: 0.000187 seconds.
  path: Assets/Prefabs/Text.prefab
  artifactKey: Guid(8da0bf151e54d874dad08a7bbe354d0b) Importer(815301076,1909f56bfc062723c751e8b465ee728b)
Start importing Assets/Prefabs/Text.prefab using Guid(8da0bf151e54d874dad08a7bbe354d0b) Importer(815301076,1909f56bfc062723c751e8b465ee728b)  -> (artifact id: 'e57e19eb754b6779b29acf27386db792') in 0.006966 seconds 
  Import took 0.011856 seconds .

========================================================================
Received Import Request.
  Time since last request: 0.000166 seconds.
  path: Assets/Prefabs/Game Manager.prefab
  artifactKey: Guid(145a1ad4a629c1a429daa19a90edb827) Importer(815301076,1909f56bfc062723c751e8b465ee728b)
Start importing Assets/Prefabs/Game Manager.prefab using Guid(145a1ad4a629c1a429daa19a90edb827) Importer(815301076,1909f56bfc062723c751e8b465ee728b)  -> (artifact id: '2b65546c71376d25355a257817d52174') in 0.006635 seconds 
  Import took 0.012315 seconds .

========================================================================
Received Import Request.
  Time since last request: 0.000183 seconds.
  path: Assets/Prefabs/Crate.prefab
  artifactKey: Guid(d7fbd3a9da1a4e74b974d1f20123b1fa) Importer(815301076,1909f56bfc062723c751e8b465ee728b)
Start importing Assets/Prefabs/Crate.prefab using Guid(d7fbd3a9da1a4e74b974d1f20123b1fa) Importer(815301076,1909f56bfc062723c751e8b465ee728b)  -> (artifact id: '629d39bc858d853054c89a4f0f5fafc2') in 0.011648 seconds 
  Import took 0.016223 seconds .

========================================================================
Received Import Request.
  Time since last request: 0.000205 seconds.
  path: Assets/Resources/Player Placeholder-Sheet.png
  artifactKey: Guid(22b866f57b26c98468cfa63b1069c937) Importer(815301076,1909f56bfc062723c751e8b465ee728b)
Start importing Assets/Resources/Player Placeholder-Sheet.png using Guid(22b866f57b26c98468cfa63b1069c937) Importer(815301076,1909f56bfc062723c751e8b465ee728b)  -> (artifact id: '6cda038baa9dc3ac214c3756e11b0b0d') in 0.038104 seconds 
  Import took 0.043575 seconds .

========================================================================
Received Import Request.
  Time since last request: 0.000188 seconds.
  path: Assets/Prefabs/Big Samurai.prefab
  artifactKey: Guid(ba24516ff83b5c14b815ffaf009856d4) Importer(815301076,1909f56bfc062723c751e8b465ee728b)
Start importing Assets/Prefabs/Big Samurai.prefab using Guid(ba24516ff83b5c14b815ffaf009856d4) Importer(815301076,1909f56bfc062723c751e8b465ee728b)  -> (artifact id: '1aa6e11ed4821c292238130f948d75fc') in 0.010720 seconds 
  Import took 0.015202 seconds .

========================================================================
Received Import Request.
  Time since last request: 1.044747 seconds.
  path: Assets/Pipeline/2D Renderer.asset
  artifactKey: Guid(19c2678dc0a146a4a9b45efb0293dba7) Importer(815301076,1909f56bfc062723c751e8b465ee728b)
Start importing Assets/Pipeline/2D Renderer.asset using Guid(19c2678dc0a146a4a9b45efb0293dba7) Importer(815301076,1909f56bfc062723c751e8b465ee728b)  -> (artifact id: '29d5908bf812c6b78b12f95fcf6756fc') in 0.007817 seconds 
  Import took 0.012437 seconds .

========================================================================
Received Import Request.
  Time since last request: 0.000165 seconds.
  path: Assets/Pipeline/URP Pipeline Asset.asset
  artifactKey: Guid(dd591dffea6def345ad1b834b7e1e391) Importer(815301076,1909f56bfc062723c751e8b465ee728b)
Start importing Assets/Pipeline/URP Pipeline Asset.asset using Guid(dd591dffea6def345ad1b834b7e1e391) Importer(815301076,1909f56bfc062723c751e8b465ee728b)  -> (artifact id: '0be3c67c9b2e5932bacd9da5d36a350b') in 0.010942 seconds 
  Import took 0.015642 seconds .

========================================================================
Received Import Request.
  Time since last request: 0.000155 seconds.
  path: Assets/Pipeline/URP Pipeline Asset_Renderer.asset
  artifactKey: Guid(77496b232ceaa504c89f5d730dfa29c0) Importer(815301076,1909f56bfc062723c751e8b465ee728b)
Start importing Assets/Pipeline/URP Pipeline Asset_Renderer.asset using Guid(77496b232ceaa504c89f5d730dfa29c0) Importer(815301076,1909f56bfc062723c751e8b465ee728b)  -> (artifact id: '517c6b2054dc515c9030ea2ae9ac3347') in 0.014103 seconds 
  Import took 0.018298 seconds .

========================================================================
Received Prepare
Registering precompiled user dll's ...
Registered in 0.003903 seconds.
Begin MonoManager ReloadAssembly
Native extension for WindowsStandalone target not found
Refreshing native plugins compatible for Editor in 0.63 ms, found 3 plugins.
Preloading 0 native plugins for Editor in 0.00 ms.
Mono: successfully reloaded assembly
- Completed reload, in  0.961 seconds
Platform modules already initialized, skipping
Shader 'Universal Render Pipeline/Particles/Lit': fallback shader 'Universal Render Pipeline/Particles/SimpleLit' not found
Refreshing native plugins compatible for Editor in 0.63 ms, found 3 plugins.
Preloading 0 native plugins for Editor in 0.00 ms.
Unloading 3126 Unused Serialized files (Serialized files now loaded: 0)
System memory in use before: 138.9 MB.
System memory in use after: 139.0 MB.

Unloading 23 unused Assets to reduce memory usage. Loaded Objects now: 3736.
Total: 2.742800 ms (FindLiveObjects: 0.313100 ms CreateObjectMapping: 0.087200 ms MarkObjects: 2.218600 ms  DeleteObjects: 0.122800 ms)

AssetImportParameters requested are different than current active one (requested -> active):
  custom:framework-win-MediaFoundation: 216162199b28c13a410421893ffa2e32 -> 
  custom:video-decoder-ogg-theora: a1e56fd34408186e4bbccfd4996cb3dc -> 
  custom:container-muxer-webm: aa71ff27fc2769a1b78a27578f13a17b -> 
  custom:container-demuxer-webm: 4f35f7cbe854078d1ac9338744f61a02 -> 
  custom:container-demuxer-ogg: 62fdf1f143b41e24485cea50d1cbac27 -> 
  custom:video-encoder-webm-vp8: eb34c28f22e8b96e1ab97ce403110664 -> 
  custom:video-decoder-webm-vp8: 9c59270c3fd7afecdb556c50c9e8de78 -> 
  custom:audio-decoder-ogg-vorbis: bf7c407c2cedff20999df2af8eb42d56 -> 
  custom:audio-encoder-webm-vorbis: bf7c407c2cedff20999df2af8eb42d56 -> 
========================================================================
Received Prepare
Registering precompiled user dll's ...
Registered in 0.004025 seconds.
Begin MonoManager ReloadAssembly
Native extension for WindowsStandalone target not found
Refreshing native plugins compatible for Editor in 0.62 ms, found 3 plugins.
Preloading 0 native plugins for Editor in 0.00 ms.
Mono: successfully reloaded assembly
- Completed reload, in  0.912 seconds
Platform modules already initialized, skipping
Shader 'Universal Render Pipeline/Particles/Lit': fallback shader 'Universal Render Pipeline/Particles/SimpleLit' not found
Refreshing native plugins compatible for Editor in 0.82 ms, found 3 plugins.
Preloading 0 native plugins for Editor in 0.00 ms.
Unloading 3124 Unused Serialized files (Serialized files now loaded: 0)
System memory in use before: 138.9 MB.
System memory in use after: 139.0 MB.

Unloading 22 unused Assets to reduce memory usage. Loaded Objects now: 3740.
Total: 2.871800 ms (FindLiveObjects: 0.310900 ms CreateObjectMapping: 0.095800 ms MarkObjects: 2.335800 ms  DeleteObjects: 0.128600 ms)

AssetImportParameters requested are different than current active one (requested -> active):
  custom:framework-win-MediaFoundation: 216162199b28c13a410421893ffa2e32 -> 
  custom:video-decoder-ogg-theora: a1e56fd34408186e4bbccfd4996cb3dc -> 
  custom:container-muxer-webm: aa71ff27fc2769a1b78a27578f13a17b -> 
  custom:container-demuxer-webm: 4f35f7cbe854078d1ac9338744f61a02 -> 
  custom:container-demuxer-ogg: 62fdf1f143b41e24485cea50d1cbac27 -> 
  custom:video-encoder-webm-vp8: eb34c28f22e8b96e1ab97ce403110664 -> 
  custom:video-decoder-webm-vp8: 9c59270c3fd7afecdb556c50c9e8de78 -> 
  custom:audio-decoder-ogg-vorbis: bf7c407c2cedff20999df2af8eb42d56 -> 
  custom:audio-encoder-webm-vorbis: bf7c407c2cedff20999df2af8eb42d56 -> 
========================================================================
Received Import Request.
  Time since last request: 194.790255 seconds.
  path: Assets/Scenes/Level3.unity
  artifactKey: Guid(c145d5a448aed7e4b8f3e430ab0e3fd7) Importer(815301076,1909f56bfc062723c751e8b465ee728b)
Start importing Assets/Scenes/Level3.unity using Guid(c145d5a448aed7e4b8f3e430ab0e3fd7) Importer(815301076,1909f56bfc062723c751e8b465ee728b)  -> (artifact id: '96ff0e4a98d9e297cedc5e92d0638131') in 0.020101 seconds 
  Import took 0.025009 seconds .

========================================================================
Received Import Request.
  Time since last request: 3.782643 seconds.
  path: Assets/Scenes/Level3.unity
  artifactKey: Guid(c145d5a448aed7e4b8f3e430ab0e3fd7) Importer(815301076,1909f56bfc062723c751e8b465ee728b)
Start importing Assets/Scenes/Level3.unity using Guid(c145d5a448aed7e4b8f3e430ab0e3fd7) Importer(815301076,1909f56bfc062723c751e8b465ee728b)  -> (artifact id: 'f29868c3ec1801195ad9c187543b5d3d') in 0.002471 seconds 
  Import took 0.007249 seconds .

========================================================================
Received Prepare
Registering precompiled user dll's ...
Registered in 0.004021 seconds.
Begin MonoManager ReloadAssembly
Native extension for WindowsStandalone target not found
Refreshing native plugins compatible for Editor in 0.64 ms, found 3 plugins.
Preloading 0 native plugins for Editor in 0.00 ms.
Mono: successfully reloaded assembly
- Completed reload, in  0.928 seconds
Platform modules already initialized, skipping
Shader 'Universal Render Pipeline/Particles/Lit': fallback shader 'Universal Render Pipeline/Particles/SimpleLit' not found
Refreshing native plugins compatible for Editor in 0.66 ms, found 3 plugins.
Preloading 0 native plugins for Editor in 0.00 ms.
Unloading 3124 Unused Serialized files (Serialized files now loaded: 0)
System memory in use before: 139.0 MB.
System memory in use after: 139.1 MB.

Unloading 22 unused Assets to reduce memory usage. Loaded Objects now: 3744.
Total: 3.039600 ms (FindLiveObjects: 0.282600 ms CreateObjectMapping: 0.080800 ms MarkObjects: 2.543100 ms  DeleteObjects: 0.132200 ms)

AssetImportParameters requested are different than current active one (requested -> active):
  custom:framework-win-MediaFoundation: 216162199b28c13a410421893ffa2e32 -> 
  custom:video-decoder-ogg-theora: a1e56fd34408186e4bbccfd4996cb3dc -> 
  custom:container-muxer-webm: aa71ff27fc2769a1b78a27578f13a17b -> 
  custom:container-demuxer-webm: 4f35f7cbe854078d1ac9338744f61a02 -> 
  custom:container-demuxer-ogg: 62fdf1f143b41e24485cea50d1cbac27 -> 
  custom:video-encoder-webm-vp8: eb34c28f22e8b96e1ab97ce403110664 -> 
  custom:video-decoder-webm-vp8: 9c59270c3fd7afecdb556c50c9e8de78 -> 
  custom:audio-decoder-ogg-vorbis: bf7c407c2cedff20999df2af8eb42d56 -> 
  custom:audio-encoder-webm-vorbis: bf7c407c2cedff20999df2af8eb42d56 -> 
========================================================================
Received Prepare
Registering precompiled user dll's ...
Registered in 0.004367 seconds.
Begin MonoManager ReloadAssembly
Native extension for WindowsStandalone target not found
Refreshing native plugins compatible for Editor in 0.64 ms, found 3 plugins.
Preloading 0 native plugins for Editor in 0.00 ms.
Mono: successfully reloaded assembly
- Completed reload, in  0.977 seconds
Platform modules already initialized, skipping
Shader 'Universal Render Pipeline/Particles/Lit': fallback shader 'Universal Render Pipeline/Particles/SimpleLit' not found
Refreshing native plugins compatible for Editor in 0.62 ms, found 3 plugins.
Preloading 0 native plugins for Editor in 0.00 ms.
Unloading 3124 Unused Serialized files (Serialized files now loaded: 0)
System memory in use before: 139.0 MB.
System memory in use after: 139.1 MB.

Unloading 22 unused Assets to reduce memory usage. Loaded Objects now: 3748.
Total: 2.731800 ms (FindLiveObjects: 0.294100 ms CreateObjectMapping: 0.082300 ms MarkObjects: 2.231400 ms  DeleteObjects: 0.122800 ms)

AssetImportParameters requested are different than current active one (requested -> active):
  custom:framework-win-MediaFoundation: 216162199b28c13a410421893ffa2e32 -> 
  custom:video-decoder-ogg-theora: a1e56fd34408186e4bbccfd4996cb3dc -> 
  custom:container-muxer-webm: aa71ff27fc2769a1b78a27578f13a17b -> 
  custom:container-demuxer-webm: 4f35f7cbe854078d1ac9338744f61a02 -> 
  custom:container-demuxer-ogg: 62fdf1f143b41e24485cea50d1cbac27 -> 
  custom:video-encoder-webm-vp8: eb34c28f22e8b96e1ab97ce403110664 -> 
  custom:video-decoder-webm-vp8: 9c59270c3fd7afecdb556c50c9e8de78 -> 
  custom:audio-decoder-ogg-vorbis: bf7c407c2cedff20999df2af8eb42d56 -> 
  custom:audio-encoder-webm-vorbis: bf7c407c2cedff20999df2af8eb42d56 -> 
========================================================================
Received Prepare
Registering precompiled user dll's ...
Registered in 0.004350 seconds.
Begin MonoManager ReloadAssembly
Native extension for WindowsStandalone target not found
Refreshing native plugins compatible for Editor in 1.35 ms, found 3 plugins.
Preloading 0 native plugins for Editor in 0.00 ms.
Mono: successfully reloaded assembly
- Completed reload, in  0.965 seconds
Platform modules already initialized, skipping
Shader 'Universal Render Pipeline/Particles/Lit': fallback shader 'Universal Render Pipeline/Particles/SimpleLit' not found
Refreshing native plugins compatible for Editor in 0.63 ms, found 3 plugins.
Preloading 0 native plugins for Editor in 0.00 ms.
Unloading 3124 Unused Serialized files (Serialized files now loaded: 0)
System memory in use before: 139.0 MB.
System memory in use after: 139.1 MB.

Unloading 22 unused Assets to reduce memory usage. Loaded Objects now: 3752.
Total: 2.898100 ms (FindLiveObjects: 0.295800 ms CreateObjectMapping: 0.094600 ms MarkObjects: 2.369600 ms  DeleteObjects: 0.137000 ms)

AssetImportParameters requested are different than current active one (requested -> active):
  custom:framework-win-MediaFoundation: 216162199b28c13a410421893ffa2e32 -> 
  custom:video-decoder-ogg-theora: a1e56fd34408186e4bbccfd4996cb3dc -> 
  custom:container-muxer-webm: aa71ff27fc2769a1b78a27578f13a17b -> 
  custom:container-demuxer-webm: 4f35f7cbe854078d1ac9338744f61a02 -> 
  custom:container-demuxer-ogg: 62fdf1f143b41e24485cea50d1cbac27 -> 
  custom:video-encoder-webm-vp8: eb34c28f22e8b96e1ab97ce403110664 -> 
  custom:video-decoder-webm-vp8: 9c59270c3fd7afecdb556c50c9e8de78 -> 
  custom:audio-decoder-ogg-vorbis: bf7c407c2cedff20999df2af8eb42d56 -> 
  custom:audio-encoder-webm-vorbis: bf7c407c2cedff20999df2af8eb42d56 -> 
AssetImportWorkerClient::OnTransportError - code=2 error=End of file
